0 info it worked if it ends with ok
1 verbose cli [ 'C:\\Program Files\\nodejs\\node.exe',
1 verbose cli   'C:\\Program Files\\nodejs\\node_modules\\npm\\bin\\npm-cli.js',
1 verbose cli   'run',
1 verbose cli   'server' ]
2 info using npm@3.10.3
3 info using node@v6.3.1
4 verbose run-script [ 'preserver', 'server', 'postserver' ]
5 info lifecycle PublicIoTSmartCity@1.0.0~preserver: PublicIoTSmartCity@1.0.0
6 silly lifecycle PublicIoTSmartCity@1.0.0~preserver: no script for preserver, continuing
7 info lifecycle PublicIoTSmartCity@1.0.0~server: PublicIoTSmartCity@1.0.0
8 verbose lifecycle PublicIoTSmartCity@1.0.0~server: unsafe-perm in lifecycle true
9 verbose lifecycle PublicIoTSmartCity@1.0.0~server: PATH: C:\Program Files\nodejs\node_modules\npm\bin\node-gyp-bin;C:\Users\captainwhale52\OneDrive\Workspace\Web\PublicIoTSmartCityDashboard\node_modules\.bin;C:\Program Files\nodejs;C:\Program Files\nodejs\node_modules\npm\bin\node-gyp-bin;C:\Users\captainwhale52\OneDrive\Workspace\Web\PublicIoTSmartCityDashboard\node_modules\.bin;C:\Program Files\nodejs;C:\ProgramData\Oracle\Java\javapath;C:\Windows\system32;C:\Windows;C:\Windows\System32\Wbem;C:\Windows\System32\WindowsPowerShell\v1.0\;C:\Program Files (x86)\NVIDIA Corporation\PhysX\Common;C:\Program Files\Git\cmd;C:\Program Files (x86)\phantomjs-2.1.1-windows\bin;C:\Program Files (x86)\Skype\Phone\;C:\Python27;C:\Python27\Scripts;C:\Program Files (x86)\OpenSSH\bin;C:\Program Files (x86)\Heroku\bin;C:\Program Files (x86)\git\cmd;C:\Program Files (x86)\Git\cmd;C:\Program Files\PostgreSQL\9.5\bin;C:\Program Files (x86)\PharosSystems\Core;C:\WINDOWS\system32;C:\WINDOWS;C:\WINDOWS\System32\Wbem;C:\WINDOWS\System32\WindowsPowerShell\v1.0\;C:\Program Files\nodejs\;C:\Program Files (x86)\GtkSharp\2.12\bin;C:\RailsInstaller\Ruby2.2.0\bin;C:\Users\captainwhale52\AppData\Local\atom\bin;C:\Users\captainwhale52\AppData\Local\Microsoft\WindowsApps;C:\Users\captainwhale52\AppData\Roaming\npm;C:\Program Files\MongoDB\Server\3.2\bin;C:\Program Files\Java\jdk1.8.0_101\bin;C:\xampp\mysql\bin;C:\Program Files\Redis;C:\cygwin64\bin
10 verbose lifecycle PublicIoTSmartCity@1.0.0~server: CWD: C:\Users\captainwhale52\OneDrive\Workspace\Web\PublicIoTSmartCityDashboard
11 silly lifecycle PublicIoTSmartCity@1.0.0~server: Args: [ '/d /s /c', 'node ./src/server/red.js' ]
12 silly lifecycle PublicIoTSmartCity@1.0.0~server: Returned: code: 3221225786  signal: null
13 info lifecycle PublicIoTSmartCity@1.0.0~server: Failed to exec server script
14 verbose stack Error: PublicIoTSmartCity@1.0.0 server: `node ./src/server/red.js`
14 verbose stack Exit status 3221225786
14 verbose stack     at EventEmitter.<anonymous> (C:\Program Files\nodejs\node_modules\npm\lib\utils\lifecycle.js:242:16)
14 verbose stack     at emitTwo (events.js:106:13)
14 verbose stack     at EventEmitter.emit (events.js:191:7)
14 verbose stack     at ChildProcess.<anonymous> (C:\Program Files\nodejs\node_modules\npm\lib\utils\spawn.js:40:14)
14 verbose stack     at emitTwo (events.js:106:13)
14 verbose stack     at ChildProcess.emit (events.js:191:7)
14 verbose stack     at maybeClose (internal/child_process.js:852:16)
14 verbose stack     at Process.ChildProcess._handle.onexit (internal/child_process.js:215:5)
15 verbose pkgid PublicIoTSmartCity@1.0.0
16 verbose cwd C:\Users\captainwhale52\OneDrive\Workspace\Web\PublicIoTSmartCityDashboard
17 error Windows_NT 10.0.14393
18 error argv "C:\\Program Files\\nodejs\\node.exe" "C:\\Program Files\\nodejs\\node_modules\\npm\\bin\\npm-cli.js" "run" "server"
19 error node v6.3.1
20 error npm  v3.10.3
21 error code ELIFECYCLE
22 error PublicIoTSmartCity@1.0.0 server: `node ./src/server/red.js`
22 error Exit status 3221225786
23 error Failed at the PublicIoTSmartCity@1.0.0 server script 'node ./src/server/red.js'.
23 error Make sure you have the latest version of node.js and npm installed.
23 error If you do, this is most likely a problem with the PublicIoTSmartCity package,
23 error not with npm itself.
23 error Tell the author that this fails on your system:
23 error     node ./src/server/red.js
23 error You can get information on how to open an issue for this project with:
23 error     npm bugs PublicIoTSmartCity
23 error Or if that isn't available, you can get their info via:
23 error     npm owner ls PublicIoTSmartCity
23 error There is likely additional logging output above.
24 verbose exit [ 1, true ]
